TN:
SF:modules\product\controller\product.controller.js
FN:6,(anonymous_0)
FN:15,(anonymous_1)
FN:24,(anonymous_2)
FN:34,(anonymous_3)
FN:44,(anonymous_4)
FN:53,(anonymous_5)
FN:62,(anonymous_6)
FNF:7
FNH:7
FNDA:2,(anonymous_0)
FNDA:1,(anonymous_1)
FNDA:2,(anonymous_2)
FNDA:2,(anonymous_3)
FNDA:3,(anonymous_4)
FNDA:4,(anonymous_5)
FNDA:4,(anonymous_6)
DA:1,1
DA:3,1
DA:7,2
DA:8,2
DA:9,1
DA:11,1
DA:16,1
DA:17,1
DA:18,1
DA:20,0
DA:25,2
DA:26,2
DA:27,2
DA:28,1
DA:30,1
DA:35,2
DA:36,2
DA:37,2
DA:38,1
DA:40,1
DA:45,3
DA:46,3
DA:47,1
DA:49,2
DA:54,4
DA:55,4
DA:56,2
DA:58,2
DA:63,4
DA:64,4
DA:65,2
DA:67,2
DA:72,1
LF:33
LH:32
BRF:0
BRH:0
end_of_record
TN:
SF:modules\product\dao\models\cart.model.js
FNF:0
FNH:0
DA:1,1
DA:3,1
DA:4,1
LF:3
LH:3
BRF:0
BRH:0
end_of_record
TN:
SF:modules\product\dao\models\product.model.js
FNF:0
FNH:0
DA:1,2
DA:3,2
DA:4,2
LF:3
LH:3
BRF:0
BRH:0
end_of_record
TN:
SF:modules\product\dao\schemas\cart.shema.js
FNF:0
FNH:0
DA:1,1
DA:3,1
DA:9,1
DA:16,1
LF:4
LH:4
BRF:0
BRH:0
end_of_record
TN:
SF:modules\product\dao\schemas\product.schema.js
FNF:0
FNH:0
DA:1,2
DA:3,2
DA:12,2
LF:3
LH:3
BRF:0
BRH:0
end_of_record
TN:
SF:modules\product\routes\product.routes.js
FNF:0
FNH:0
DA:1,1
DA:2,1
DA:4,1
DA:5,1
DA:7,1
DA:8,1
DA:9,1
DA:10,1
DA:11,1
DA:12,1
DA:13,1
DA:15,1
LF:12
LH:12
BRF:0
BRH:0
end_of_record
TN:
SF:modules\product\service\product.service.js
FN:2,(anonymous_0)
FN:3,(anonymous_1)
FN:4,(anonymous_2)
FN:5,(anonymous_3)
FN:6,(anonymous_4)
FN:7,(anonymous_5)
FN:8,(anonymous_6)
FNF:7
FNH:0
FNDA:0,(anonymous_0)
FNDA:0,(anonymous_1)
FNDA:0,(anonymous_2)
FNDA:0,(anonymous_3)
FNDA:0,(anonymous_4)
FNDA:0,(anonymous_5)
FNDA:0,(anonymous_6)
DA:11,2
LF:1
LH:1
BRF:0
BRH:0
end_of_record
TN:
SF:modules\product\service\impl\product.serviceImpl.js
FN:5,(anonymous_0)
FN:14,(anonymous_1)
FN:23,(anonymous_2)
FN:42,(anonymous_3)
FN:54,(anonymous_4)
FN:66,(anonymous_5)
FN:78,(anonymous_6)
FNF:7
FNH:5
FNDA:0,(anonymous_0)
FNDA:2,(anonymous_1)
FNDA:2,(anonymous_2)
FNDA:3,(anonymous_3)
FNDA:4,(anonymous_4)
FNDA:3,(anonymous_5)
FNDA:0,(anonymous_6)
DA:1,2
DA:2,2
DA:6,0
DA:7,0
DA:8,0
DA:10,0
DA:15,2
DA:16,2
DA:17,1
DA:19,1
DA:24,2
DA:25,2
DA:27,2
DA:28,2
DA:31,2
DA:32,2
DA:35,2
DA:36,1
DA:38,1
DA:43,3
DA:44,3
DA:45,3
DA:46,1
DA:48,2
DA:50,1
DA:55,4
DA:56,4
DA:57,3
DA:58,1
DA:60,2
DA:62,2
DA:67,3
DA:68,3
DA:69,2
DA:70,1
DA:72,1
DA:74,2
DA:79,0
DA:80,0
DA:81,0
DA:83,0
DA:88,2
LF:42
LH:34
BRDA:27,0,0,2
BRDA:27,0,1,0
BRDA:31,1,0,2
BRDA:31,1,1,0
BRDA:45,2,0,1
BRDA:45,2,1,2
BRDA:57,3,0,1
BRDA:57,3,1,2
BRDA:69,4,0,1
BRDA:69,4,1,1
BRF:10
BRH:8
end_of_record
