{"C:\\Data\\Code\\NodeJS\\pwc\\beginner solution\\modules\\product\\controller\\product.controller.js": {"path":"C:\\Data\\Code\\NodeJS\\pwc\\beginner solution\\modules\\product\\controller\\product.controller.js","statementMap":{"0":{"start":{"line":1,"column":27},"end":{"line":1,"column":73}},"1":{"start":{"line":3,"column":23},"end":{"line":3,"column":47}},"2":{"start":{"line":7,"column":8},"end":{"line":12,"column":9}},"3":{"start":{"line":8,"column":29},"end":{"line":8,"column":66}},"4":{"start":{"line":9,"column":12},"end":{"line":9,"column":31}},"5":{"start":{"line":11,"column":12},"end":{"line":11,"column":76}},"6":{"start":{"line":16,"column":8},"end":{"line":21,"column":9}},"7":{"start":{"line":17,"column":31},"end":{"line":17,"column":75}},"8":{"start":{"line":18,"column":12},"end":{"line":18,"column":45}},"9":{"start":{"line":20,"column":12},"end":{"line":20,"column":73}},"10":{"start":{"line":25,"column":8},"end":{"line":31,"column":9}},"11":{"start":{"line":26,"column":42},"end":{"line":26,"column":51}},"12":{"start":{"line":27,"column":34},"end":{"line":27,"column":87}},"13":{"start":{"line":28,"column":12},"end":{"line":28,"column":36}},"14":{"start":{"line":30,"column":12},"end":{"line":30,"column":74}},"15":{"start":{"line":35,"column":8},"end":{"line":41,"column":9}},"16":{"start":{"line":36,"column":26},"end":{"line":36,"column":52}},"17":{"start":{"line":37,"column":37},"end":{"line":37,"column":84}},"18":{"start":{"line":38,"column":12},"end":{"line":38,"column":39}},"19":{"start":{"line":40,"column":12},"end":{"line":40,"column":86}},"20":{"start":{"line":45,"column":8},"end":{"line":50,"column":9}},"21":{"start":{"line":46,"column":28},"end":{"line":46,"column":74}},"22":{"start":{"line":47,"column":12},"end":{"line":47,"column":30}},"23":{"start":{"line":49,"column":12},"end":{"line":49,"column":66}},"24":{"start":{"line":54,"column":8},"end":{"line":59,"column":9}},"25":{"start":{"line":55,"column":35},"end":{"line":55,"column":94}},"26":{"start":{"line":56,"column":12},"end":{"line":56,"column":37}},"27":{"start":{"line":58,"column":12},"end":{"line":58,"column":66}},"28":{"start":{"line":63,"column":8},"end":{"line":68,"column":9}},"29":{"start":{"line":64,"column":35},"end":{"line":64,"column":84}},"30":{"start":{"line":65,"column":12},"end":{"line":65,"column":37}},"31":{"start":{"line":67,"column":12},"end":{"line":67,"column":66}},"32":{"start":{"line":72,"column":0},"end":{"line":72,"column":35}}},"fnMap":{"0":{"name":"(anonymous_0)","decl":{"start":{"line":6,"column":4},"end":{"line":6,"column":5}},"loc":{"start":{"line":6,"column":35},"end":{"line":13,"column":5}},"line":6},"1":{"name":"(anonymous_1)","decl":{"start":{"line":15,"column":4},"end":{"line":15,"column":5}},"loc":{"start":{"line":15,"column":34},"end":{"line":22,"column":5}},"line":15},"2":{"name":"(anonymous_2)","decl":{"start":{"line":24,"column":4},"end":{"line":24,"column":5}},"loc":{"start":{"line":24,"column":34},"end":{"line":32,"column":5}},"line":24},"3":{"name":"(anonymous_3)","decl":{"start":{"line":34,"column":4},"end":{"line":34,"column":5}},"loc":{"start":{"line":34,"column":40},"end":{"line":42,"column":5}},"line":34},"4":{"name":"(anonymous_4)","decl":{"start":{"line":44,"column":4},"end":{"line":44,"column":5}},"loc":{"start":{"line":44,"column":31},"end":{"line":51,"column":5}},"line":44},"5":{"name":"(anonymous_5)","decl":{"start":{"line":53,"column":4},"end":{"line":53,"column":5}},"loc":{"start":{"line":53,"column":34},"end":{"line":60,"column":5}},"line":53},"6":{"name":"(anonymous_6)","decl":{"start":{"line":62,"column":4},"end":{"line":62,"column":5}},"loc":{"start":{"line":62,"column":34},"end":{"line":69,"column":5}},"line":62}},"branchMap":{},"s":{"0":1,"1":1,"2":2,"3":2,"4":1,"5":1,"6":1,"7":1,"8":1,"9":0,"10":2,"11":2,"12":2,"13":1,"14":1,"15":2,"16":2,"17":2,"18":1,"19":1,"20":3,"21":3,"22":1,"23":2,"24":4,"25":4,"26":2,"27":2,"28":4,"29":4,"30":2,"31":2,"32":1},"f":{"0":2,"1":1,"2":2,"3":2,"4":3,"5":4,"6":4},"b":{},"_coverageSchema":"1a1c01bbd47fc00a2c39e90264f33305004495a9","hash":"71400c0a11ae80c9a308d2364f78168ddcd44671"}
,"C:\\Data\\Code\\NodeJS\\pwc\\beginner solution\\modules\\product\\dao\\models\\cart.model.js": {"path":"C:\\Data\\Code\\NodeJS\\pwc\\beginner solution\\modules\\product\\dao\\models\\cart.model.js","statementMap":{"0":{"start":{"line":1,"column":17},"end":{"line":1,"column":36}},"1":{"start":{"line":3,"column":17},"end":{"line":3,"column":49}},"2":{"start":{"line":4,"column":0},"end":{"line":4,"column":52}}},"fnMap":{},"branchMap":{},"s":{"0":1,"1":1,"2":1},"f":{},"b":{},"_coverageSchema":"1a1c01bbd47fc00a2c39e90264f33305004495a9","hash":"960b69fd3f34a4754df4914bea36f8089b03a701"}
,"C:\\Data\\Code\\NodeJS\\pwc\\beginner solution\\modules\\product\\dao\\models\\product.model.js": {"path":"C:\\Data\\Code\\NodeJS\\pwc\\beginner solution\\modules\\product\\dao\\models\\product.model.js","statementMap":{"0":{"start":{"line":1,"column":15},"end":{"line":1,"column":34}},"1":{"start":{"line":3,"column":20},"end":{"line":3,"column":56}},"2":{"start":{"line":4,"column":0},"end":{"line":4,"column":58}}},"fnMap":{},"branchMap":{},"s":{"0":2,"1":2,"2":2},"f":{},"b":{},"_coverageSchema":"1a1c01bbd47fc00a2c39e90264f33305004495a9","hash":"0e2583e254c7a6e34e7cbbc9aaa51a18ce1e1ac7"}
,"C:\\Data\\Code\\NodeJS\\pwc\\beginner solution\\modules\\product\\dao\\schemas\\cart.shema.js": {"path":"C:\\Data\\Code\\NodeJS\\pwc\\beginner solution\\modules\\product\\dao\\schemas\\cart.shema.js","statementMap":{"0":{"start":{"line":1,"column":17},"end":{"line":1,"column":36}},"1":{"start":{"line":3,"column":23},"end":{"line":7,"column":2}},"2":{"start":{"line":9,"column":19},"end":{"line":14,"column":2}},"3":{"start":{"line":16,"column":0},"end":{"line":16,"column":28}}},"fnMap":{},"branchMap":{},"s":{"0":1,"1":1,"2":1,"3":1},"f":{},"b":{},"_coverageSchema":"1a1c01bbd47fc00a2c39e90264f33305004495a9","hash":"e90e80aebccb3a1b19f3be1f2c407e2ebc0125fe"}
,"C:\\Data\\Code\\NodeJS\\pwc\\beginner solution\\modules\\product\\dao\\schemas\\product.schema.js": {"path":"C:\\Data\\Code\\NodeJS\\pwc\\beginner solution\\modules\\product\\dao\\schemas\\product.schema.js","statementMap":{"0":{"start":{"line":1,"column":17},"end":{"line":1,"column":36}},"1":{"start":{"line":3,"column":22},"end":{"line":10,"column":2}},"2":{"start":{"line":12,"column":0},"end":{"line":12,"column":31}}},"fnMap":{},"branchMap":{},"s":{"0":2,"1":2,"2":2},"f":{},"b":{},"_coverageSchema":"1a1c01bbd47fc00a2c39e90264f33305004495a9","hash":"412d2d52df29b16085e1db5c3f136c2e8aa7bcb8"}
,"C:\\Data\\Code\\NodeJS\\pwc\\beginner solution\\modules\\product\\routes\\product.routes.js": {"path":"C:\\Data\\Code\\NodeJS\\pwc\\beginner solution\\modules\\product\\routes\\product.routes.js","statementMap":{"0":{"start":{"line":1,"column":16},"end":{"line":1,"column":34}},"1":{"start":{"line":2,"column":15},"end":{"line":2,"column":31}},"2":{"start":{"line":4,"column":26},"end":{"line":4,"column":69}},"3":{"start":{"line":5,"column":26},"end":{"line":5,"column":49}},"4":{"start":{"line":7,"column":0},"end":{"line":7,"column":53}},"5":{"start":{"line":8,"column":0},"end":{"line":8,"column":56}},"6":{"start":{"line":9,"column":0},"end":{"line":9,"column":55}},"7":{"start":{"line":10,"column":0},"end":{"line":10,"column":71}},"8":{"start":{"line":11,"column":0},"end":{"line":11,"column":49}},"9":{"start":{"line":12,"column":0},"end":{"line":12,"column":52}},"10":{"start":{"line":13,"column":0},"end":{"line":13,"column":55}},"11":{"start":{"line":15,"column":0},"end":{"line":15,"column":24}}},"fnMap":{},"branchMap":{},"s":{"0":1,"1":1,"2":1,"3":1,"4":1,"5":1,"6":1,"7":1,"8":1,"9":1,"10":1,"11":1},"f":{},"b":{},"_coverageSchema":"1a1c01bbd47fc00a2c39e90264f33305004495a9","hash":"46a77179cc58c9590255ebba0e73ef08758c9992"}
,"C:\\Data\\Code\\NodeJS\\pwc\\beginner solution\\modules\\product\\service\\product.service.js": {"path":"C:\\Data\\Code\\NodeJS\\pwc\\beginner solution\\modules\\product\\service\\product.service.js","statementMap":{"0":{"start":{"line":11,"column":0},"end":{"line":11,"column":32}}},"fnMap":{"0":{"name":"(anonymous_0)","decl":{"start":{"line":2,"column":4},"end":{"line":2,"column":5}},"loc":{"start":{"line":2,"column":27},"end":{"line":2,"column":30}},"line":2},"1":{"name":"(anonymous_1)","decl":{"start":{"line":3,"column":4},"end":{"line":3,"column":5}},"loc":{"start":{"line":3,"column":37},"end":{"line":3,"column":40}},"line":3},"2":{"name":"(anonymous_2)","decl":{"start":{"line":4,"column":4},"end":{"line":4,"column":5}},"loc":{"start":{"line":4,"column":43},"end":{"line":4,"column":46}},"line":4},"3":{"name":"(anonymous_3)","decl":{"start":{"line":5,"column":4},"end":{"line":5,"column":5}},"loc":{"start":{"line":5,"column":32},"end":{"line":5,"column":35}},"line":5},"4":{"name":"(anonymous_4)","decl":{"start":{"line":6,"column":4},"end":{"line":6,"column":5}},"loc":{"start":{"line":6,"column":51},"end":{"line":6,"column":54}},"line":6},"5":{"name":"(anonymous_5)","decl":{"start":{"line":7,"column":4},"end":{"line":7,"column":5}},"loc":{"start":{"line":7,"column":35},"end":{"line":7,"column":38}},"line":7},"6":{"name":"(anonymous_6)","decl":{"start":{"line":8,"column":4},"end":{"line":8,"column":5}},"loc":{"start":{"line":8,"column":37},"end":{"line":8,"column":40}},"line":8}},"branchMap":{},"s":{"0":2},"f":{"0":0,"1":0,"2":0,"3":0,"4":0,"5":0,"6":0},"b":{},"_coverageSchema":"1a1c01bbd47fc00a2c39e90264f33305004495a9","hash":"df0a4f2b5c9cf8d74bde02cf61d17cf4fdc26e71"}
,"C:\\Data\\Code\\NodeJS\\pwc\\beginner solution\\modules\\product\\service\\impl\\product.serviceImpl.js": {"path":"C:\\Data\\Code\\NodeJS\\pwc\\beginner solution\\modules\\product\\service\\impl\\product.serviceImpl.js","statementMap":{"0":{"start":{"line":1,"column":16},"end":{"line":1,"column":57}},"1":{"start":{"line":2,"column":23},"end":{"line":2,"column":52}},"2":{"start":{"line":6,"column":8},"end":{"line":11,"column":9}},"3":{"start":{"line":7,"column":29},"end":{"line":7,"column":49}},"4":{"start":{"line":8,"column":12},"end":{"line":8,"column":28}},"5":{"start":{"line":10,"column":12},"end":{"line":10,"column":59}},"6":{"start":{"line":15,"column":8},"end":{"line":20,"column":9}},"7":{"start":{"line":16,"column":28},"end":{"line":16,"column":61}},"8":{"start":{"line":17,"column":12},"end":{"line":17,"column":27}},"9":{"start":{"line":19,"column":12},"end":{"line":19,"column":57}},"10":{"start":{"line":24,"column":8},"end":{"line":39,"column":9}},"11":{"start":{"line":25,"column":26},"end":{"line":25,"column":28}},"12":{"start":{"line":27,"column":12},"end":{"line":29,"column":13}},"13":{"start":{"line":28,"column":16},"end":{"line":28,"column":61}},"14":{"start":{"line":31,"column":12},"end":{"line":33,"column":13}},"15":{"start":{"line":32,"column":16},"end":{"line":32,"column":75}},"16":{"start":{"line":35,"column":29},"end":{"line":35,"column":54}},"17":{"start":{"line":36,"column":12},"end":{"line":36,"column":28}},"18":{"start":{"line":38,"column":12},"end":{"line":38,"column":62}},"19":{"start":{"line":43,"column":8},"end":{"line":51,"column":9}},"20":{"start":{"line":44,"column":28},"end":{"line":44,"column":61}},"21":{"start":{"line":45,"column":12},"end":{"line":47,"column":13}},"22":{"start":{"line":46,"column":16},"end":{"line":46,"column":54}},"23":{"start":{"line":48,"column":12},"end":{"line":48,"column":27}},"24":{"start":{"line":50,"column":12},"end":{"line":50,"column":54}},"25":{"start":{"line":55,"column":8},"end":{"line":63,"column":9}},"26":{"start":{"line":56,"column":28},"end":{"line":56,"column":101}},"27":{"start":{"line":57,"column":12},"end":{"line":59,"column":13}},"28":{"start":{"line":58,"column":16},"end":{"line":58,"column":54}},"29":{"start":{"line":60,"column":12},"end":{"line":60,"column":27}},"30":{"start":{"line":62,"column":12},"end":{"line":62,"column":57}},"31":{"start":{"line":67,"column":8},"end":{"line":75,"column":9}},"32":{"start":{"line":68,"column":28},"end":{"line":68,"column":70}},"33":{"start":{"line":69,"column":12},"end":{"line":71,"column":13}},"34":{"start":{"line":70,"column":16},"end":{"line":70,"column":54}},"35":{"start":{"line":72,"column":12},"end":{"line":72,"column":27}},"36":{"start":{"line":74,"column":12},"end":{"line":74,"column":57}},"37":{"start":{"line":79,"column":8},"end":{"line":84,"column":9}},"38":{"start":{"line":80,"column":29},"end":{"line":80,"column":84}},"39":{"start":{"line":81,"column":12},"end":{"line":81,"column":28}},"40":{"start":{"line":83,"column":12},"end":{"line":83,"column":65}},"41":{"start":{"line":88,"column":0},"end":{"line":88,"column":36}}},"fnMap":{"0":{"name":"(anonymous_0)","decl":{"start":{"line":5,"column":4},"end":{"line":5,"column":5}},"loc":{"start":{"line":5,"column":27},"end":{"line":12,"column":5}},"line":5},"1":{"name":"(anonymous_1)","decl":{"start":{"line":14,"column":4},"end":{"line":14,"column":5}},"loc":{"start":{"line":14,"column":37},"end":{"line":21,"column":5}},"line":14},"2":{"name":"(anonymous_2)","decl":{"start":{"line":23,"column":4},"end":{"line":23,"column":5}},"loc":{"start":{"line":23,"column":43},"end":{"line":40,"column":5}},"line":23},"3":{"name":"(anonymous_3)","decl":{"start":{"line":42,"column":4},"end":{"line":42,"column":5}},"loc":{"start":{"line":42,"column":32},"end":{"line":52,"column":5}},"line":42},"4":{"name":"(anonymous_4)","decl":{"start":{"line":54,"column":4},"end":{"line":54,"column":5}},"loc":{"start":{"line":54,"column":51},"end":{"line":64,"column":5}},"line":54},"5":{"name":"(anonymous_5)","decl":{"start":{"line":66,"column":4},"end":{"line":66,"column":5}},"loc":{"start":{"line":66,"column":35},"end":{"line":76,"column":5}},"line":66},"6":{"name":"(anonymous_6)","decl":{"start":{"line":78,"column":4},"end":{"line":78,"column":5}},"loc":{"start":{"line":78,"column":37},"end":{"line":85,"column":5}},"line":78}},"branchMap":{"0":{"loc":{"start":{"line":27,"column":12},"end":{"line":29,"column":13}},"type":"if","locations":[{"start":{"line":27,"column":12},"end":{"line":29,"column":13}},{"start":{},"end":{}}],"line":27},"1":{"loc":{"start":{"line":31,"column":12},"end":{"line":33,"column":13}},"type":"if","locations":[{"start":{"line":31,"column":12},"end":{"line":33,"column":13}},{"start":{},"end":{}}],"line":31},"2":{"loc":{"start":{"line":45,"column":12},"end":{"line":47,"column":13}},"type":"if","locations":[{"start":{"line":45,"column":12},"end":{"line":47,"column":13}},{"start":{},"end":{}}],"line":45},"3":{"loc":{"start":{"line":57,"column":12},"end":{"line":59,"column":13}},"type":"if","locations":[{"start":{"line":57,"column":12},"end":{"line":59,"column":13}},{"start":{},"end":{}}],"line":57},"4":{"loc":{"start":{"line":69,"column":12},"end":{"line":71,"column":13}},"type":"if","locations":[{"start":{"line":69,"column":12},"end":{"line":71,"column":13}},{"start":{},"end":{}}],"line":69}},"s":{"0":2,"1":2,"2":0,"3":0,"4":0,"5":0,"6":2,"7":2,"8":1,"9":1,"10":2,"11":2,"12":2,"13":2,"14":2,"15":2,"16":2,"17":1,"18":1,"19":3,"20":3,"21":3,"22":1,"23":2,"24":1,"25":4,"26":4,"27":3,"28":1,"29":2,"30":2,"31":3,"32":3,"33":2,"34":1,"35":1,"36":2,"37":0,"38":0,"39":0,"40":0,"41":2},"f":{"0":0,"1":2,"2":2,"3":3,"4":4,"5":3,"6":0},"b":{"0":[2,0],"1":[2,0],"2":[1,2],"3":[1,2],"4":[1,1]},"_coverageSchema":"1a1c01bbd47fc00a2c39e90264f33305004495a9","hash":"8c6da01731d82b741fc03e5736a2fb2d25711d4c"}
}
